{"/Users/jack/projects/neflaria-js/src/models/base.js":{"path":"/Users/jack/projects/neflaria-js/src/models/base.js","s":{"1":1,"2":1,"3":4,"4":4,"5":4,"6":0,"7":1,"8":2,"9":2,"10":2,"11":2,"12":2,"13":1,"14":0,"15":0,"16":1,"17":1,"18":1,"19":2,"20":2,"21":1,"22":1,"23":1,"24":1,"25":0,"26":1,"27":0,"28":1,"29":0,"30":0,"31":0,"32":0,"33":0,"34":0,"35":0,"36":0,"37":0,"38":1},"b":{"1":[0,4],"2":[1,1],"3":[0,0]},"f":{"1":4,"2":2,"3":2,"4":0,"5":1,"6":1,"7":0,"8":0,"9":0,"10":0},"fnMap":{"1":{"name":"Base","line":4,"loc":{"start":{"line":4,"column":0},"end":{"line":4,"column":20}}},"2":{"name":"(anonymous_2)","line":16,"loc":{"start":{"line":16,"column":21},"end":{"line":16,"column":41}}},"3":{"name":"(anonymous_3)","line":20,"loc":{"start":{"line":20,"column":21},"end":{"line":20,"column":47}}},"4":{"name":"(anonymous_4)","line":26,"loc":{"start":{"line":26,"column":13},"end":{"line":26,"column":23}}},"5":{"name":"(anonymous_5)","line":30,"loc":{"start":{"line":30,"column":13},"end":{"line":30,"column":26}}},"6":{"name":"(anonymous_6)","line":43,"loc":{"start":{"line":43,"column":21},"end":{"line":43,"column":40}}},"7":{"name":"(anonymous_7)","line":48,"loc":{"start":{"line":48,"column":24},"end":{"line":48,"column":34}}},"8":{"name":"(anonymous_8)","line":52,"loc":{"start":{"line":52,"column":30},"end":{"line":52,"column":40}}},"9":{"name":"(anonymous_9)","line":58,"loc":{"start":{"line":58,"column":17},"end":{"line":58,"column":40}}},"10":{"name":"ctor","line":65,"loc":{"start":{"line":65,"column":2},"end":{"line":65,"column":17}}}},"statementMap":{"1":{"start":{"line":1,"column":0},"end":{"line":2,"column":26}},"2":{"start":{"line":4,"column":0},"end":{"line":11,"column":1}},"3":{"start":{"line":5,"column":2},"end":{"line":5,"column":24}},"4":{"start":{"line":6,"column":2},"end":{"line":6,"column":23}},"5":{"start":{"line":8,"column":2},"end":{"line":10,"column":3}},"6":{"start":{"line":9,"column":4},"end":{"line":10,"column":2}},"7":{"start":{"line":16,"column":0},"end":{"line":41,"column":2}},"8":{"start":{"line":17,"column":2},"end":{"line":18,"column":21}},"9":{"start":{"line":20,"column":2},"end":{"line":37,"column":11}},"10":{"start":{"line":21,"column":4},"end":{"line":21,"column":26}},"11":{"start":{"line":22,"column":8},"end":{"line":22,"column":37}},"12":{"start":{"line":24,"column":4},"end":{"line":36,"column":5}},"13":{"start":{"line":25,"column":6},"end":{"line":32,"column":11}},"14":{"start":{"line":27,"column":10},"end":{"line":27,"column":45}},"15":{"start":{"line":28,"column":10},"end":{"line":28,"column":38}},"16":{"start":{"line":31,"column":10},"end":{"line":31,"column":35}},"17":{"start":{"line":34,"column":6},"end":{"line":34,"column":41}},"18":{"start":{"line":35,"column":6},"end":{"line":35,"column":34}},"19":{"start":{"line":39,"column":2},"end":{"line":39,"column":35}},"20":{"start":{"line":40,"column":2},"end":{"line":40,"column":17}},"21":{"start":{"line":43,"column":0},"end":{"line":46,"column":2}},"22":{"start":{"line":44,"column":2},"end":{"line":44,"column":24}},"23":{"start":{"line":45,"column":2},"end":{"line":45,"column":36}},"24":{"start":{"line":48,"column":0},"end":{"line":50,"column":2}},"25":{"start":{"line":49,"column":2},"end":{"line":49,"column":25}},"26":{"start":{"line":52,"column":0},"end":{"line":54,"column":2}},"27":{"start":{"line":53,"column":2},"end":{"line":53,"column":39}},"28":{"start":{"line":58,"column":0},"end":{"line":73,"column":2}},"29":{"start":{"line":59,"column":2},"end":{"line":63,"column":3}},"30":{"start":{"line":60,"column":4},"end":{"line":62,"column":5}},"31":{"start":{"line":61,"column":6},"end":{"line":61,"column":31}},"32":{"start":{"line":65,"column":2},"end":{"line":67,"column":3}},"33":{"start":{"line":66,"column":4},"end":{"line":66,"column":29}},"34":{"start":{"line":69,"column":2},"end":{"line":69,"column":36}},"35":{"start":{"line":70,"column":2},"end":{"line":70,"column":31}},"36":{"start":{"line":71,"column":2},"end":{"line":71,"column":37}},"37":{"start":{"line":72,"column":2},"end":{"line":72,"column":15}},"38":{"start":{"line":75,"column":0},"end":{"line":75,"column":22}}},"branchMap":{"1":{"line":8,"type":"if","locations":[{"start":{"line":8,"column":2},"end":{"line":8,"column":2}},{"start":{"line":8,"column":2},"end":{"line":8,"column":2}}]},"2":{"line":24,"type":"if","locations":[{"start":{"line":24,"column":4},"end":{"line":24,"column":4}},{"start":{"line":24,"column":4},"end":{"line":24,"column":4}}]},"3":{"line":60,"type":"if","locations":[{"start":{"line":60,"column":4},"end":{"line":60,"column":4}},{"start":{"line":60,"column":4},"end":{"line":60,"column":4}}]}}}}