TN:
SF:/Users/jack/projects/neflaria-js/src/models/base.js
FN:4,Base
FN:16,(anonymous_2)
FN:20,(anonymous_3)
FN:26,(anonymous_4)
FN:30,(anonymous_5)
FN:43,(anonymous_6)
FN:48,(anonymous_7)
FN:52,(anonymous_8)
FN:58,(anonymous_9)
FN:65,ctor
FNDA:4,Base
FNDA:2,(anonymous_2)
FNDA:2,(anonymous_3)
FNDA:0,(anonymous_4)
FNDA:1,(anonymous_5)
FNDA:1,(anonymous_6)
FNDA:0,(anonymous_7)
FNDA:0,(anonymous_8)
FNDA:0,(anonymous_9)
FNDA:0,ctor
DA:1,1
DA:4,1
DA:5,4
DA:6,4
DA:8,4
DA:9,0
DA:16,1
DA:17,2
DA:20,2
DA:21,2
DA:22,2
DA:24,2
DA:25,1
DA:27,0
DA:28,0
DA:31,1
DA:34,1
DA:35,1
DA:39,2
DA:40,2
DA:43,1
DA:44,1
DA:45,1
DA:48,1
DA:49,0
DA:52,1
DA:53,0
DA:58,1
DA:59,0
DA:60,0
DA:61,0
DA:65,0
DA:66,0
DA:69,0
DA:70,0
DA:71,0
DA:72,0
DA:75,1
BRDA:8,1,0,0
BRDA:8,1,1,4
BRDA:24,2,0,1
BRDA:24,2,1,1
BRDA:60,3,0,0
BRDA:60,3,1,0
end_of_record
